<?xml version="1.0" encoding="UTF-8"?>
<testsuite name="com.motycka.edu.game.match.MatchServiceTest" tests="7" skipped="0" failures="0" errors="0" timestamp="2025-03-01T12:51:40" hostname="LAPTOP-HA6MK979" time="0.766">
  <properties/>
  <testcase name="getAllMatches should return all matches()" classname="com.motycka.edu.game.match.MatchServiceTest" time="0.572"/>
  <testcase name="createNewMatch should create match with valid characters()" classname="com.motycka.edu.game.match.MatchServiceTest" time="0.137"/>
  <testcase name="createNewMatch should handle invalid opponent()" classname="com.motycka.edu.game.match.MatchServiceTest" time="0.017"/>
  <testcase name="createNewMatch should handle invalid rounds()" classname="com.motycka.edu.game.match.MatchServiceTest" time="0.005"/>
  <testcase name="getMatchById should throw exception when match not found()" classname="com.motycka.edu.game.match.MatchServiceTest" time="0.009"/>
  <testcase name="createNewMatch should handle invalid challenger()" classname="com.motycka.edu.game.match.MatchServiceTest" time="0.011"/>
  <testcase name="getMatchById should return match by id()" classname="com.motycka.edu.game.match.MatchServiceTest" time="0.004"/>
  <system-out><![CDATA[19:51:39,822 |-INFO in ch.qos.logback.classic.LoggerContext[default] - This is logback-classic version 1.4.14
19:51:39,824 |-INFO in ch.qos.logback.classic.util.ContextInitializer@4189d70b - Here is a list of configurators discovered as a service, by rank: 
19:51:39,824 |-INFO in ch.qos.logback.classic.util.ContextInitializer@4189d70b -   org.springframework.boot.logging.logback.RootLogLevelConfigurator
19:51:39,824 |-INFO in ch.qos.logback.classic.util.ContextInitializer@4189d70b - They will be invoked in order until ExecutionStatus.DO_NOT_INVOKE_NEXT_IF_ANY is returned.
19:51:39,824 |-INFO in ch.qos.logback.classic.util.ContextInitializer@4189d70b - Constructed configurator of type class org.springframework.boot.logging.logback.RootLogLevelConfigurator
19:51:39,831 |-INFO in ch.qos.logback.classic.util.ContextInitializer@4189d70b - org.springframework.boot.logging.logback.RootLogLevelConfigurator.configure() call lasted 1 milliseconds. ExecutionStatus=INVOKE_NEXT_IF_ANY
19:51:39,831 |-INFO in ch.qos.logback.classic.util.ContextInitializer@4189d70b - Trying to configure with ch.qos.logback.classic.joran.SerializedModelConfigurator
19:51:39,832 |-INFO in ch.qos.logback.classic.util.ContextInitializer@4189d70b - Constructed configurator of type class ch.qos.logback.classic.joran.SerializedModelConfigurator
19:51:39,834 |-INFO in ch.qos.logback.classic.LoggerContext[default] - Could NOT find resource [logback-test.scmo]
19:51:39,834 |-INFO in ch.qos.logback.classic.LoggerContext[default] - Could NOT find resource [logback.scmo]
19:51:39,834 |-INFO in ch.qos.logback.classic.util.ContextInitializer@4189d70b - ch.qos.logback.classic.joran.SerializedModelConfigurator.configure() call lasted 2 milliseconds. ExecutionStatus=INVOKE_NEXT_IF_ANY
19:51:39,834 |-INFO in ch.qos.logback.classic.util.ContextInitializer@4189d70b - Trying to configure with ch.qos.logback.classic.util.DefaultJoranConfigurator
19:51:39,834 |-INFO in ch.qos.logback.classic.util.ContextInitializer@4189d70b - Constructed configurator of type class ch.qos.logback.classic.util.DefaultJoranConfigurator
19:51:39,835 |-INFO in ch.qos.logback.classic.LoggerContext[default] - Could NOT find resource [logback-test.xml]
19:51:39,837 |-INFO in ch.qos.logback.classic.LoggerContext[default] - Found resource [logback.xml] at [file:/D:/StudyLecture/BachlorCS_year1/Module8(Kotlin)/fantasy-space-game/build/resources/main/logback.xml]
19:51:39,903 |-INFO in ch.qos.logback.core.model.processor.StatusListenerModelHandler - Added status listener of type [ch.qos.logback.core.status.OnConsoleStatusListener]
19:51:39,920 |-INFO in ch.qos.logback.core.model.processor.AppenderModelHandler - Processing appender named [STDOUT]
19:51:39,921 |-INFO in ch.qos.logback.core.model.processor.AppenderModelHandler - About to instantiate appender of type [ch.qos.logback.core.ConsoleAppender]
19:51:39,936 |-INFO in ch.qos.logback.core.model.processor.ImplicitModelHandler - Assuming default type [ch.qos.logback.classic.encoder.PatternLayoutEncoder] for [encoder] property
19:51:39,958 |-INFO in ch.qos.logback.classic.model.processor.RootLoggerModelHandler - Setting level of ROOT logger to TRACE
19:51:39,958 |-INFO in ch.qos.logback.core.model.processor.AppenderRefModelHandler - Attaching appender named [STDOUT] to Logger[ROOT]
19:51:39,959 |-INFO in ch.qos.logback.classic.model.processor.LoggerModelHandler - Setting level of logger [*] to DEBUG
19:51:39,960 |-INFO in ch.qos.logback.core.model.processor.DefaultProcessor@72445aba - End of configuration.
19:51:39,961 |-INFO in ch.qos.logback.classic.joran.JoranConfigurator@15c25153 - Registering current configuration as safe fallback point
19:51:39,961 |-INFO in ch.qos.logback.classic.util.ContextInitializer@4189d70b - ch.qos.logback.classic.util.DefaultJoranConfigurator.configure() call lasted 127 milliseconds. ExecutionStatus=DO_NOT_INVOKE_NEXT_IF_ANY
19:51:41 ?[34mINFO ?[0;39m [Test worker] ?[36mc.m.e.g.c.m.Warrior?[0;39m - Warrior swings a sword at Sorcerer
19:51:41 ?[34mINFO ?[0;39m [Test worker] ?[36mc.m.e.g.c.i.Character?[0;39m - Sorcerer has 50 remaining
19:51:41 ?[34mINFO ?[0;39m [Test worker] ?[36mc.m.e.g.c.m.Sorcerer?[0;39m - Sorcerer casts a spell at Warrior
19:51:41 ?[34mINFO ?[0;39m [Test worker] ?[36mc.m.e.g.c.m.Warrior?[0;39m - Warrior raises shield and defends against 30 damage
19:51:41 ?[34mINFO ?[0;39m [Test worker] ?[36mc.m.e.g.c.i.Character?[0;39m - Warrior has 80 remaining
19:51:41 ?[34mINFO ?[0;39m [Test worker] ?[36mc.m.e.g.c.m.Sorcerer?[0;39m - Sorcerer heals self to 80 health 
19:51:41 ?[34mINFO ?[0;39m [Test worker] ?[36mc.m.e.g.m.MatchService?[0;39m - Round: 1, Character: Sorcerer, PreviousHealth:100, Health: 80
19:51:41 ?[34mINFO ?[0;39m [Test worker] ?[36mc.m.e.g.m.MatchService?[0;39m - Round: 1, Character: Warrior, PreviousHealth:100, Health: 80
19:51:41 ?[34mINFO ?[0;39m [Test worker] ?[36mc.m.e.g.c.m.Warrior?[0;39m - Warrior swings a sword at Sorcerer
19:51:41 ?[34mINFO ?[0;39m [Test worker] ?[36mc.m.e.g.c.i.Character?[0;39m - Sorcerer has 30 remaining
19:51:41 ?[34mINFO ?[0;39m [Test worker] ?[36mc.m.e.g.c.m.Sorcerer?[0;39m - Sorcerer casts a spell at Warrior
19:51:41 ?[34mINFO ?[0;39m [Test worker] ?[36mc.m.e.g.c.m.Warrior?[0;39m - Warrior raises shield and defends against 30 damage
19:51:41 ?[34mINFO ?[0;39m [Test worker] ?[36mc.m.e.g.c.i.Character?[0;39m - Warrior has 60 remaining
19:51:41 ?[34mINFO ?[0;39m [Test worker] ?[36mc.m.e.g.c.m.Sorcerer?[0;39m - Sorcerer heals self to 60 health 
19:51:41 ?[34mINFO ?[0;39m [Test worker] ?[36mc.m.e.g.m.MatchService?[0;39m - Round: 2, Character: Sorcerer, PreviousHealth:80, Health: 60
19:51:41 ?[34mINFO ?[0;39m [Test worker] ?[36mc.m.e.g.m.MatchService?[0;39m - Round: 2, Character: Warrior, PreviousHealth:80, Health: 60
19:51:41 ?[34mINFO ?[0;39m [Test worker] ?[36mc.m.e.g.c.m.Warrior?[0;39m - Warrior swings a sword at Sorcerer
19:51:41 ?[34mINFO ?[0;39m [Test worker] ?[36mc.m.e.g.c.i.Character?[0;39m - Sorcerer has 10 remaining
19:51:41 ?[34mINFO ?[0;39m [Test worker] ?[36mc.m.e.g.c.m.Sorcerer?[0;39m - Sorcerer casts a spell at Warrior
19:51:41 ?[34mINFO ?[0;39m [Test worker] ?[36mc.m.e.g.c.m.Warrior?[0;39m - Warrior raises shield and defends against 30 damage
19:51:41 ?[34mINFO ?[0;39m [Test worker] ?[36mc.m.e.g.c.i.Character?[0;39m - Warrior has 40 remaining
19:51:41 ?[34mINFO ?[0;39m [Test worker] ?[36mc.m.e.g.c.m.Sorcerer?[0;39m - Sorcerer heals self to 40 health 
19:51:41 ?[34mINFO ?[0;39m [Test worker] ?[36mc.m.e.g.m.MatchService?[0;39m - Round: 3, Character: Sorcerer, PreviousHealth:60, Health: 40
19:51:41 ?[34mINFO ?[0;39m [Test worker] ?[36mc.m.e.g.m.MatchService?[0;39m - Round: 3, Character: Warrior, PreviousHealth:60, Health: 40
19:51:41 ?[34mINFO ?[0;39m [Test worker] ?[36mc.m.e.g.c.m.Warrior?[0;39m - Warrior swings a sword at Sorcerer
19:51:41 ?[34mINFO ?[0;39m [Test worker] ?[36mc.m.e.g.c.i.Character?[0;39m - Sorcerer has been defeated
19:51:41 ?[34mINFO ?[0;39m [Test worker] ?[36mc.m.e.g.c.m.Sorcerer?[0;39m - Sorcerer is dead and cannot attack
19:51:41 ?[34mINFO ?[0;39m [Test worker] ?[36mc.m.e.g.m.MatchService?[0;39m - Round: 4, Character: Sorcerer, PreviousHealth:40, Health: 0
19:51:41 ?[34mINFO ?[0;39m [Test worker] ?[36mc.m.e.g.m.MatchService?[0;39m - Round: 4, Character: Warrior, PreviousHealth:40, Health: 40
19:51:41 ?[34mINFO ?[0;39m [Test worker] ?[36mc.m.e.g.m.MatchService?[0;39m - Challenger Experience Gained: 100
19:51:41 ?[34mINFO ?[0;39m [Test worker] ?[36mc.m.e.g.m.MatchService?[0;39m - Opponent Experience Gained: 50
]]></system-out>
  <system-err><![CDATA[WARNING: A Java agent has been loaded dynamically (D:\SplitSoftware\.gradle\caches\modules-2\files-2.1\net.bytebuddy\byte-buddy-agent\1.14.11\f9cb566608fbac6bc7bf54901a7aa11543a989ee\byte-buddy-agent-1.14.11.jar)
WARNING: If a serviceability tool is in use, please run with -XX:+EnableDynamicAgentLoading to hide this warning
WARNING: If a serviceability tool is not in use, please run with -Djdk.instrument.traceUsage for more information
WARNING: Dynamic loading of agents will be disallowed by default in a future release
]]></system-err>
</testsuite>
