<?xml version="1.0" encoding="UTF-8"?>
<testsuite name="com.motycka.edu.game.character.CharacterRepositoryTest" tests="19" skipped="0" failures="0" errors="0" timestamp="2025-03-01T11:45:09" hostname="LAPTOP-HA6MK979" time="1.169">
  <properties/>
  <testcase name="getNotOwnedCharacters should return characters not owned by account()" classname="com.motycka.edu.game.character.CharacterRepositoryTest" time="1.04"/>
  <testcase name="selectByFilters should query with correct parameters when both class and name provided()" classname="com.motycka.edu.game.character.CharacterRepositoryTest" time="0.007"/>
  <testcase name="upLevelCharacter should validate warrior level up point distribution()" classname="com.motycka.edu.game.character.CharacterRepositoryTest" time="0.01"/>
  <testcase name="insertCharacter should insert sorcerer character()" classname="com.motycka.edu.game.character.CharacterRepositoryTest" time="0.009"/>
  <testcase name="upLevelCharacter should update warrior character()" classname="com.motycka.edu.game.character.CharacterRepositoryTest" time="0.009"/>
  <testcase name="upLevelCharacter should update sorcerer character()" classname="com.motycka.edu.game.character.CharacterRepositoryTest" time="0.007"/>
  <testcase name="selectById should return null when character not found()" classname="com.motycka.edu.game.character.CharacterRepositoryTest" time="0.008"/>
  <testcase name="insertCharacter should validate warrior point distribution()" classname="com.motycka.edu.game.character.CharacterRepositoryTest" time="0.004"/>
  <testcase name="insertCharacter should validate character name uniqueness()" classname="com.motycka.edu.game.character.CharacterRepositoryTest" time="0.003"/>
  <testcase name="selectById should return character when found()" classname="com.motycka.edu.game.character.CharacterRepositoryTest" time="0.004"/>
  <testcase name="upLevelCharacter should validate sorcerer level up point distribution()" classname="com.motycka.edu.game.character.CharacterRepositoryTest" time="0.005"/>
  <testcase name="selectByFilters should query with correct parameters when only name provided()" classname="com.motycka.edu.game.character.CharacterRepositoryTest" time="0.005"/>
  <testcase name="updateExperience should update character experience()" classname="com.motycka.edu.game.character.CharacterRepositoryTest" time="0.005"/>
  <testcase name="insertCharacter should insert warrior character()" classname="com.motycka.edu.game.character.CharacterRepositoryTest" time="0.006"/>
  <testcase name="selectByFilters should query with correct parameters when no filters provided()" classname="com.motycka.edu.game.character.CharacterRepositoryTest" time="0.007"/>
  <testcase name="insertCharacter should validate sorcerer point distribution()" classname="com.motycka.edu.game.character.CharacterRepositoryTest" time="0.004"/>
  <testcase name="getOwnedCharacters should return characters owned by account()" classname="com.motycka.edu.game.character.CharacterRepositoryTest" time="0.006"/>
  <testcase name="upLevelCharacter should throw exception when character not found()" classname="com.motycka.edu.game.character.CharacterRepositoryTest" time="0.006"/>
  <testcase name="selectByFilters should query with correct parameters when only class provided()" classname="com.motycka.edu.game.character.CharacterRepositoryTest" time="0.004"/>
  <system-out><![CDATA[18:45:08,370 |-INFO in ch.qos.logback.classic.LoggerContext[default] - This is logback-classic version 1.4.14
18:45:08,372 |-INFO in ch.qos.logback.classic.util.ContextInitializer@29df4d43 - Here is a list of configurators discovered as a service, by rank: 
18:45:08,372 |-INFO in ch.qos.logback.classic.util.ContextInitializer@29df4d43 -   org.springframework.boot.logging.logback.RootLogLevelConfigurator
18:45:08,372 |-INFO in ch.qos.logback.classic.util.ContextInitializer@29df4d43 - They will be invoked in order until ExecutionStatus.DO_NOT_INVOKE_NEXT_IF_ANY is returned.
18:45:08,372 |-INFO in ch.qos.logback.classic.util.ContextInitializer@29df4d43 - Constructed configurator of type class org.springframework.boot.logging.logback.RootLogLevelConfigurator
18:45:08,378 |-INFO in ch.qos.logback.classic.util.ContextInitializer@29df4d43 - org.springframework.boot.logging.logback.RootLogLevelConfigurator.configure() call lasted 0 milliseconds. ExecutionStatus=INVOKE_NEXT_IF_ANY
18:45:08,378 |-INFO in ch.qos.logback.classic.util.ContextInitializer@29df4d43 - Trying to configure with ch.qos.logback.classic.joran.SerializedModelConfigurator
18:45:08,379 |-INFO in ch.qos.logback.classic.util.ContextInitializer@29df4d43 - Constructed configurator of type class ch.qos.logback.classic.joran.SerializedModelConfigurator
18:45:08,381 |-INFO in ch.qos.logback.classic.LoggerContext[default] - Could NOT find resource [logback-test.scmo]
18:45:08,381 |-INFO in ch.qos.logback.classic.LoggerContext[default] - Could NOT find resource [logback.scmo]
18:45:08,381 |-INFO in ch.qos.logback.classic.util.ContextInitializer@29df4d43 - ch.qos.logback.classic.joran.SerializedModelConfigurator.configure() call lasted 2 milliseconds. ExecutionStatus=INVOKE_NEXT_IF_ANY
18:45:08,381 |-INFO in ch.qos.logback.classic.util.ContextInitializer@29df4d43 - Trying to configure with ch.qos.logback.classic.util.DefaultJoranConfigurator
18:45:08,382 |-INFO in ch.qos.logback.classic.util.ContextInitializer@29df4d43 - Constructed configurator of type class ch.qos.logback.classic.util.DefaultJoranConfigurator
18:45:08,382 |-INFO in ch.qos.logback.classic.LoggerContext[default] - Could NOT find resource [logback-test.xml]
18:45:08,384 |-INFO in ch.qos.logback.classic.LoggerContext[default] - Found resource [logback.xml] at [file:/D:/StudyLecture/BachlorCS_year1/Module8(Kotlin)/fantasy-space-game/build/resources/main/logback.xml]
18:45:08,451 |-INFO in ch.qos.logback.core.model.processor.StatusListenerModelHandler - Added status listener of type [ch.qos.logback.core.status.OnConsoleStatusListener]
18:45:08,471 |-INFO in ch.qos.logback.core.model.processor.AppenderModelHandler - Processing appender named [STDOUT]
18:45:08,471 |-INFO in ch.qos.logback.core.model.processor.AppenderModelHandler - About to instantiate appender of type [ch.qos.logback.core.ConsoleAppender]
18:45:08,478 |-INFO in ch.qos.logback.core.model.processor.ImplicitModelHandler - Assuming default type [ch.qos.logback.classic.encoder.PatternLayoutEncoder] for [encoder] property
18:45:08,498 |-INFO in ch.qos.logback.classic.model.processor.RootLoggerModelHandler - Setting level of ROOT logger to TRACE
18:45:08,498 |-INFO in ch.qos.logback.core.model.processor.AppenderRefModelHandler - Attaching appender named [STDOUT] to Logger[ROOT]
18:45:08,499 |-INFO in ch.qos.logback.classic.model.processor.LoggerModelHandler - Setting level of logger [*] to DEBUG
18:45:08,499 |-INFO in ch.qos.logback.core.model.processor.DefaultProcessor@7d3430a7 - End of configuration.
18:45:08,500 |-INFO in ch.qos.logback.classic.joran.JoranConfigurator@69637b10 - Registering current configuration as safe fallback point
18:45:08,500 |-INFO in ch.qos.logback.classic.util.ContextInitializer@29df4d43 - ch.qos.logback.classic.util.DefaultJoranConfigurator.configure() call lasted 118 milliseconds. ExecutionStatus=DO_NOT_INVOKE_NEXT_IF_ANY
]]></system-out>
  <system-err><![CDATA[WARNING: A Java agent has been loaded dynamically (D:\SplitSoftware\.gradle\caches\modules-2\files-2.1\net.bytebuddy\byte-buddy-agent\1.14.11\f9cb566608fbac6bc7bf54901a7aa11543a989ee\byte-buddy-agent-1.14.11.jar)
WARNING: If a serviceability tool is in use, please run with -XX:+EnableDynamicAgentLoading to hide this warning
WARNING: If a serviceability tool is not in use, please run with -Djdk.instrument.traceUsage for more information
WARNING: Dynamic loading of agents will be disallowed by default in a future release
]]></system-err>
</testsuite>
